<?xml version="1.0"?>
<!DOCTYPE coverage SYSTEM "http://cobertura.sourceforge.net/xml/coverage-04.dtd">

<coverage line-rate="0.6704545454545454" branch-rate="1.0" lines-covered="59" lines-valid="88" branches-covered="0" branches-valid="0" complexity="1.0384615384615385" version="2.0.3" timestamp="1593638416838">
	<sources>
		<source>C:/Users/Uma/Documents/NetBeansProjects/fixlogout/ackupombdd/src/main/java</source>
		<source>--source</source>
	</sources>
	<packages>
		<package name="com.itexps.pages" line-rate="0.49019607843137253" branch-rate="1.0" complexity="1.0">
			<classes>
				<class name="com.itexps.pages.CartPage" filename="com/itexps/pages/CartPage.java" line-rate="0.0" branch-rate="1.0" complexity="1.0">
					<methods>
						<method name="&lt;init&gt;" signature="()V" line-rate="0.0" branch-rate="1.0">
							<lines>
								<line number="25" hits="0" branch="false"/>
								<line number="26" hits="0" branch="false"/>
							</lines>
						</method>
						<method name="ClickCart" signature="()V" line-rate="0.0" branch-rate="1.0">
							<lines>
								<line number="34" hits="0" branch="false"/>
								<line number="38" hits="0" branch="false"/>
							</lines>
						</method>
						<method name="ClickCheckout" signature="()Lcom/itexps/pages/CheckOutPage;" line-rate="0.0" branch-rate="1.0">
							<lines>
								<line number="41" hits="0" branch="false"/>
								<line number="42" hits="0" branch="false"/>
							</lines>
						</method>
						<method name="verifyCheckoutbutton" signature="()Z" line-rate="0.0" branch-rate="1.0">
							<lines>
								<line number="30" hits="0" branch="false"/>
							</lines>
						</method>
					</methods>
					<lines>
						<line number="25" hits="0" branch="false"/>
						<line number="26" hits="0" branch="false"/>
						<line number="30" hits="0" branch="false"/>
						<line number="34" hits="0" branch="false"/>
						<line number="38" hits="0" branch="false"/>
						<line number="41" hits="0" branch="false"/>
						<line number="42" hits="0" branch="false"/>
					</lines>
				</class>
				<class name="com.itexps.pages.CheckOutPage" filename="com/itexps/pages/CheckOutPage.java" line-rate="0.0" branch-rate="1.0" complexity="1.0">
					<methods>
						<method name="&lt;init&gt;" signature="()V" line-rate="0.0" branch-rate="1.0">
							<lines>
								<line number="46" hits="0" branch="false"/>
								<line number="47" hits="0" branch="false"/>
							</lines>
						</method>
						<method name="CheckOutPage" signature="(Ljava/lang/String;Ljava/lang/String;Ljava/lang/String;Ljava/lang/String;)Lcom/itexps/pages/LogoutPage;" line-rate="0.0" branch-rate="1.0">
							<lines>
								<line number="68" hits="0" branch="false"/>
								<line number="69" hits="0" branch="false"/>
								<line number="70" hits="0" branch="false"/>
								<line number="71" hits="0" branch="false"/>
								<line number="72" hits="0" branch="false"/>
								<line number="73" hits="0" branch="false"/>
							</lines>
						</method>
						<method name="ClickPickup" signature="()V" line-rate="0.0" branch-rate="1.0">
							<lines>
								<line number="63" hits="0" branch="false"/>
								<line number="64" hits="0" branch="false"/>
							</lines>
						</method>
						<method name="verifyCheckout" signature="()Z" line-rate="0.0" branch-rate="1.0">
							<lines>
								<line number="52" hits="0" branch="false"/>
							</lines>
						</method>
						<method name="verifyCheckoutError" signature="()Z" line-rate="0.0" branch-rate="1.0">
							<lines>
								<line number="56" hits="0" branch="false"/>
								<line number="57" hits="0" branch="false"/>
								<line number="58" hits="0" branch="false"/>
							</lines>
						</method>
					</methods>
					<lines>
						<line number="46" hits="0" branch="false"/>
						<line number="47" hits="0" branch="false"/>
						<line number="52" hits="0" branch="false"/>
						<line number="56" hits="0" branch="false"/>
						<line number="57" hits="0" branch="false"/>
						<line number="58" hits="0" branch="false"/>
						<line number="63" hits="0" branch="false"/>
						<line number="64" hits="0" branch="false"/>
						<line number="68" hits="0" branch="false"/>
						<line number="69" hits="0" branch="false"/>
						<line number="70" hits="0" branch="false"/>
						<line number="71" hits="0" branch="false"/>
						<line number="72" hits="0" branch="false"/>
						<line number="73" hits="0" branch="false"/>
					</lines>
				</class>
				<class name="com.itexps.pages.LocationPage" filename="com/itexps/pages/LocationPage.java" line-rate="1.0" branch-rate="1.0" complexity="1.0">
					<methods>
						<method name="&lt;init&gt;" signature="()V" line-rate="1.0" branch-rate="1.0">
							<lines>
								<line number="28" hits="4" branch="false"/>
								<line number="29" hits="4" branch="false"/>
							</lines>
						</method>
						<method name="LocationPage" signature="()Lcom/itexps/pages/ProductsPage;" line-rate="1.0" branch-rate="1.0">
							<lines>
								<line number="33" hits="2" branch="false"/>
								<line number="34" hits="2" branch="false"/>
								<line number="35" hits="2" branch="false"/>
							</lines>
						</method>
					</methods>
					<lines>
						<line number="28" hits="4" branch="false"/>
						<line number="29" hits="4" branch="false"/>
						<line number="33" hits="2" branch="false"/>
						<line number="34" hits="2" branch="false"/>
						<line number="35" hits="2" branch="false"/>
					</lines>
				</class>
				<class name="com.itexps.pages.LoginPage" filename="com/itexps/pages/LoginPage.java" line-rate="1.0" branch-rate="1.0" complexity="1.0">
					<methods>
						<method name="&lt;init&gt;" signature="()V" line-rate="1.0" branch-rate="1.0">
							<lines>
								<line number="38" hits="2" branch="false"/>
								<line number="39" hits="2" branch="false"/>
							</lines>
						</method>
						<method name="login" signature="(Ljava/lang/String;Ljava/lang/String;)Lcom/itexps/pages/LocationPage;" line-rate="1.0" branch-rate="1.0">
							<lines>
								<line number="49" hits="2" branch="false"/>
								<line number="50" hits="2" branch="false"/>
								<line number="51" hits="2" branch="false"/>
								<line number="52" hits="2" branch="false"/>
							</lines>
						</method>
						<method name="validateLoginPageTitle" signature="()Ljava/lang/String;" line-rate="1.0" branch-rate="1.0">
							<lines>
								<line number="43" hits="2" branch="false"/>
								<line number="44" hits="2" branch="false"/>
								<line number="45" hits="2" branch="false"/>
							</lines>
						</method>
					</methods>
					<lines>
						<line number="38" hits="2" branch="false"/>
						<line number="39" hits="2" branch="false"/>
						<line number="43" hits="2" branch="false"/>
						<line number="44" hits="2" branch="false"/>
						<line number="45" hits="2" branch="false"/>
						<line number="49" hits="2" branch="false"/>
						<line number="50" hits="2" branch="false"/>
						<line number="51" hits="2" branch="false"/>
						<line number="52" hits="2" branch="false"/>
					</lines>
				</class>
				<class name="com.itexps.pages.LogoutPage" filename="com/itexps/pages/LogoutPage.java" line-rate="1.0" branch-rate="1.0" complexity="1.0">
					<methods>
						<method name="&lt;init&gt;" signature="()V" line-rate="1.0" branch-rate="1.0">
							<lines>
								<line number="32" hits="2" branch="false"/>
								<line number="33" hits="2" branch="false"/>
							</lines>
						</method>
						<method name="LogoutPage" signature="()V" line-rate="1.0" branch-rate="1.0">
							<lines>
								<line number="37" hits="2" branch="false"/>
								<line number="38" hits="2" branch="false"/>
								<line number="39" hits="2" branch="false"/>
								<line number="40" hits="2" branch="false"/>
								<line number="41" hits="2" branch="false"/>
								<line number="42" hits="2" branch="false"/>
								<line number="44" hits="2" branch="false"/>
							</lines>
						</method>
					</methods>
					<lines>
						<line number="32" hits="2" branch="false"/>
						<line number="33" hits="2" branch="false"/>
						<line number="37" hits="2" branch="false"/>
						<line number="38" hits="2" branch="false"/>
						<line number="39" hits="2" branch="false"/>
						<line number="40" hits="2" branch="false"/>
						<line number="41" hits="2" branch="false"/>
						<line number="42" hits="2" branch="false"/>
						<line number="44" hits="2" branch="false"/>
					</lines>
				</class>
				<class name="com.itexps.pages.ProductsPage" filename="com/itexps/pages/ProductsPage.java" line-rate="0.2857142857142857" branch-rate="1.0" complexity="1.0">
					<methods>
						<method name="&lt;init&gt;" signature="()V" line-rate="1.0" branch-rate="1.0">
							<lines>
								<line number="33" hits="2" branch="false"/>
								<line number="34" hits="2" branch="false"/>
							</lines>
						</method>
						<method name="ProductsPage" signature="()Lcom/itexps/pages/CartPage;" line-rate="0.0" branch-rate="1.0">
							<lines>
								<line number="45" hits="0" branch="false"/>
								<line number="46" hits="0" branch="false"/>
								<line number="47" hits="0" branch="false"/>
								<line number="48" hits="0" branch="false"/>
							</lines>
						</method>
						<method name="verifyCorrectProduct" signature="()Z" line-rate="0.0" branch-rate="1.0">
							<lines>
								<line number="38" hits="0" branch="false"/>
							</lines>
						</method>
					</methods>
					<lines>
						<line number="33" hits="2" branch="false"/>
						<line number="34" hits="2" branch="false"/>
						<line number="38" hits="0" branch="false"/>
						<line number="45" hits="0" branch="false"/>
						<line number="46" hits="0" branch="false"/>
						<line number="47" hits="0" branch="false"/>
						<line number="48" hits="0" branch="false"/>
					</lines>
				</class>
			</classes>
		</package>
		<package name="com.itexps.stepDefinitions" line-rate="1.0" branch-rate="1.0" complexity="1.0">
			<classes>
				<class name="com.itexps.stepDefinitions.StepDefinitions" filename="com/itexps/stepDefinitions/StepDefinitions.java" line-rate="1.0" branch-rate="1.0" complexity="1.0">
					<methods>
						<method name="&lt;init&gt;" signature="()V" line-rate="1.0" branch-rate="1.0">
							<lines>
								<line number="24" hits="2" branch="false"/>
							</lines>
						</method>
						<method name="user_enters_emailid_password_and_submit_button" signature="()V" line-rate="1.0" branch-rate="1.0">
							<lines>
								<line number="49" hits="2" branch="false"/>
								<line number="50" hits="2" branch="false"/>
							</lines>
						</method>
						<method name="user_is_on_login_page" signature="()V" line-rate="1.0" branch-rate="1.0">
							<lines>
								<line number="41" hits="2" branch="false"/>
								<line number="42" hits="2" branch="false"/>
								<line number="43" hits="2" branch="false"/>
								<line number="44" hits="2" branch="false"/>
							</lines>
						</method>
						<method name="user_logoff_web_application" signature="()V" line-rate="1.0" branch-rate="1.0">
							<lines>
								<line number="62" hits="2" branch="false"/>
								<line number="63" hits="2" branch="false"/>
								<line number="64" hits="2" branch="false"/>
							</lines>
						</method>
						<method name="user_opens_browser" signature="()V" line-rate="1.0" branch-rate="1.0">
							<lines>
								<line number="35" hits="2" branch="false"/>
								<line number="36" hits="2" branch="false"/>
							</lines>
						</method>
						<method name="user_selects_location_and_mainmenu" signature="()V" line-rate="1.0" branch-rate="1.0">
							<lines>
								<line number="55" hits="2" branch="false"/>
								<line number="56" hits="2" branch="false"/>
								<line number="57" hits="2" branch="false"/>
							</lines>
						</method>
					</methods>
					<lines>
						<line number="24" hits="2" branch="false"/>
						<line number="35" hits="2" branch="false"/>
						<line number="36" hits="2" branch="false"/>
						<line number="41" hits="2" branch="false"/>
						<line number="42" hits="2" branch="false"/>
						<line number="43" hits="2" branch="false"/>
						<line number="44" hits="2" branch="false"/>
						<line number="49" hits="2" branch="false"/>
						<line number="50" hits="2" branch="false"/>
						<line number="55" hits="2" branch="false"/>
						<line number="56" hits="2" branch="false"/>
						<line number="57" hits="2" branch="false"/>
						<line number="62" hits="2" branch="false"/>
						<line number="63" hits="2" branch="false"/>
						<line number="64" hits="2" branch="false"/>
					</lines>
				</class>
			</classes>
		</package>
		<package name="com.itexps.util" line-rate="0.8636363636363636" branch-rate="1.0" complexity="1.5">
			<classes>
				<class name="com.itexps.util.BaseClass" filename="com/itexps/util/BaseClass.java" line-rate="0.8947368421052632" branch-rate="1.0" complexity="1.5">
					<methods>
						<method name="&lt;init&gt;" signature="()V" line-rate="0.75" branch-rate="1.0">
							<lines>
								<line number="27" hits="12" branch="false"/>
								<line number="29" hits="12" branch="false"/>
								<line number="31" hits="12" branch="false"/>
								<line number="33" hits="12" branch="false"/>
								<line number="34" hits="0" branch="false"/>
								<line number="35" hits="0" branch="false"/>
								<line number="36" hits="12" branch="false"/>
								<line number="37" hits="12" branch="false"/>
							</lines>
						</method>
						<method name="initialization" signature="()V" line-rate="1.0" branch-rate="1.0">
							<lines>
								<line number="40" hits="2" branch="false"/>
								<line number="41" hits="2" branch="false"/>
								<line number="42" hits="2" branch="false"/>
								<line number="43" hits="2" branch="false"/>
								<line number="44" hits="2" branch="false"/>
								<line number="45" hits="2" branch="false"/>
								<line number="46" hits="2" branch="false"/>
								<line number="47" hits="2" branch="false"/>
								<line number="48" hits="2" branch="false"/>
								<line number="49" hits="2" branch="false"/>
								<line number="50" hits="2" branch="false"/>
							</lines>
						</method>
					</methods>
					<lines>
						<line number="27" hits="12" branch="false"/>
						<line number="29" hits="12" branch="false"/>
						<line number="31" hits="12" branch="false"/>
						<line number="33" hits="12" branch="false"/>
						<line number="34" hits="0" branch="false"/>
						<line number="35" hits="0" branch="false"/>
						<line number="36" hits="12" branch="false"/>
						<line number="37" hits="12" branch="false"/>
						<line number="40" hits="2" branch="false"/>
						<line number="41" hits="2" branch="false"/>
						<line number="42" hits="2" branch="false"/>
						<line number="43" hits="2" branch="false"/>
						<line number="44" hits="2" branch="false"/>
						<line number="45" hits="2" branch="false"/>
						<line number="46" hits="2" branch="false"/>
						<line number="47" hits="2" branch="false"/>
						<line number="48" hits="2" branch="false"/>
						<line number="49" hits="2" branch="false"/>
						<line number="50" hits="2" branch="false"/>
					</lines>
				</class>
				<class name="com.itexps.util.BaseUtil" filename="com/itexps/util/BaseUtil.java" line-rate="0.6666666666666666" branch-rate="1.0" complexity="0.0">
					<methods>
						<method name="&lt;clinit&gt;" signature="()V" line-rate="1.0" branch-rate="1.0">
							<lines>
								<line number="14" hits="2" branch="false"/>
								<line number="15" hits="2" branch="false"/>
							</lines>
						</method>
						<method name="&lt;init&gt;" signature="()V" line-rate="0.0" branch-rate="1.0">
							<lines>
								<line number="12" hits="0" branch="false"/>
							</lines>
						</method>
					</methods>
					<lines>
						<line number="12" hits="0" branch="false"/>
						<line number="14" hits="2" branch="false"/>
						<line number="15" hits="2" branch="false"/>
					</lines>
				</class>
			</classes>
		</package>
	</packages>
</coverage>
